[11-Aug-2025 10:59:16 Asia/Jakarta] PHP Warning:  require_once(../templates/partials/modal_absen.php): Failed to open stream: No such file or directory in C:\laragon\www\absensi_php\templates\dashboard_view.php on line 127
[11-Aug-2025 10:59:16 Asia/Jakarta] PHP Fatal error:  Uncaught Error: Failed opening required '../templates/partials/modal_absen.php' (include_path='.;C:/laragon/etc/php/pear') in C:\laragon\www\absensi_php\templates\dashboard_view.php:127
Stack trace:
#0 C:\laragon\www\absensi_php\app\dashboard.php(71): require_once()
#1 C:\laragon\www\absensi_php\index.php(26): require('C:\\laragon\\www\\...')
#2 {main}
  thrown in C:\laragon\www\absensi_php\templates\dashboard_view.php on line 127
[11-Aug-2025 11:00:29 Asia/Jakarta] PHP Warning:  require_once(../templates/partials/modal_absen.php): Failed to open stream: No such file or directory in C:\laragon\www\absensi_php\templates\dashboard_view.php on line 127
[11-Aug-2025 11:00:29 Asia/Jakarta] PHP Fatal error:  Uncaught Error: Failed opening required '../templates/partials/modal_absen.php' (include_path='.;C:/laragon/etc/php/pear') in C:\laragon\www\absensi_php\templates\dashboard_view.php:127
Stack trace:
#0 C:\laragon\www\absensi_php\app\dashboard.php(71): require_once()
#1 C:\laragon\www\absensi_php\index.php(26): require('C:\\laragon\\www\\...')
#2 {main}
  thrown in C:\laragon\www\absensi_php\templates\dashboard_view.php on line 127
[11-Aug-2025 11:00:31 Asia/Jakarta] PHP Warning:  Undefined variable $user in C:\laragon\www\absensi_php\templates\partials\modal_pengaturan.php on line 12
[11-Aug-2025 11:00:31 Asia/Jakarta] PHP Warning:  Trying to access array offset on null in C:\laragon\www\absensi_php\templates\partials\modal_pengaturan.php on line 12
[11-Aug-2025 11:00:31 Asia/Jakarta] PHP Deprecated:  htmlspecialchars(): Passing null to parameter #1 ($string) of type string is deprecated in C:\laragon\www\absensi_php\templates\partials\modal_pengaturan.php on line 12
[11-Aug-2025 11:00:36 Asia/Jakarta] PHP Warning:  require_once(../templates/partials/modal_absen.php): Failed to open stream: No such file or directory in C:\laragon\www\absensi_php\templates\dashboard_view.php on line 127
[11-Aug-2025 11:00:36 Asia/Jakarta] PHP Fatal error:  Uncaught Error: Failed opening required '../templates/partials/modal_absen.php' (include_path='.;C:/laragon/etc/php/pear') in C:\laragon\www\absensi_php\templates\dashboard_view.php:127
Stack trace:
#0 C:\laragon\www\absensi_php\app\dashboard.php(71): require_once()
#1 C:\laragon\www\absensi_php\index.php(26): require('C:\\laragon\\www\\...')
#2 {main}
  thrown in C:\laragon\www\absensi_php\templates\dashboard_view.php on line 127
[11-Aug-2025 11:00:40 Asia/Jakarta] PHP Warning:  require_once(../templates/partials/modal_absen.php): Failed to open stream: No such file or directory in C:\laragon\www\absensi_php\templates\dashboard_view.php on line 127
[11-Aug-2025 11:00:40 Asia/Jakarta] PHP Fatal error:  Uncaught Error: Failed opening required '../templates/partials/modal_absen.php' (include_path='.;C:/laragon/etc/php/pear') in C:\laragon\www\absensi_php\templates\dashboard_view.php:127
Stack trace:
#0 C:\laragon\www\absensi_php\app\dashboard.php(71): require_once()
#1 C:\laragon\www\absensi_php\index.php(26): require('C:\\laragon\\www\\...')
#2 {main}
  thrown in C:\laragon\www\absensi_php\templates\dashboard_view.php on line 127
[11-Aug-2025 11:00:48 Asia/Jakarta] PHP Warning:  Undefined variable $user in C:\laragon\www\absensi_php\templates\partials\modal_pengaturan.php on line 12
[11-Aug-2025 11:00:48 Asia/Jakarta] PHP Warning:  Trying to access array offset on null in C:\laragon\www\absensi_php\templates\partials\modal_pengaturan.php on line 12
[11-Aug-2025 11:00:48 Asia/Jakarta] PHP Deprecated:  htmlspecialchars(): Passing null to parameter #1 ($string) of type string is deprecated in C:\laragon\www\absensi_php\templates\partials\modal_pengaturan.php on line 12
[11-Aug-2025 11:00:50 Asia/Jakarta] PHP Warning:  require_once(../templates/partials/modal_absen.php): Failed to open stream: No such file or directory in C:\laragon\www\absensi_php\templates\dashboard_view.php on line 127
[11-Aug-2025 11:00:50 Asia/Jakarta] PHP Fatal error:  Uncaught Error: Failed opening required '../templates/partials/modal_absen.php' (include_path='.;C:/laragon/etc/php/pear') in C:\laragon\www\absensi_php\templates\dashboard_view.php:127
Stack trace:
#0 C:\laragon\www\absensi_php\app\dashboard.php(71): require_once()
#1 C:\laragon\www\absensi_php\index.php(26): require('C:\\laragon\\www\\...')
#2 {main}
  thrown in C:\laragon\www\absensi_php\templates\dashboard_view.php on line 127
[11-Aug-2025 11:01:52 Asia/Jakarta] PHP Warning:  Undefined variable $user in C:\laragon\www\absensi_php\templates\partials\modal_pengaturan.php on line 12
[11-Aug-2025 11:01:52 Asia/Jakarta] PHP Warning:  Trying to access array offset on null in C:\laragon\www\absensi_php\templates\partials\modal_pengaturan.php on line 12
[11-Aug-2025 11:01:52 Asia/Jakarta] PHP Deprecated:  htmlspecialchars(): Passing null to parameter #1 ($string) of type string is deprecated in C:\laragon\www\absensi_php\templates\partials\modal_pengaturan.php on line 12
